<?xml version='1.0' encoding='UTF-8'?>
<testsuite hostname="homepc" name="funlang.SyntaxAnalysisTests" tests="59" errors="0" failures="0" skipped="0" time="0.345" timestamp="2020-10-05T14:33:49">
                     <properties>
[...]
</properties>
                     <testcase classname="funlang.SyntaxAnalysisTests" name="parsing an identifier of one letter produces the correct tree" time="0.034">
                                                 
                                               </testcase><testcase classname="funlang.SyntaxAnalysisTests" name="parsing an identifier as an identifier produces the correct tree" time="0.004">
                                                 
                                               </testcase><testcase classname="funlang.SyntaxAnalysisTests" name="parsing an identifier containing digits and underscores produces the correct tree" time="0.002">
                                                 
                                               </testcase><testcase classname="funlang.SyntaxAnalysisTests" name="parsing an integer as an identifier gives an error" time="0.006">
                                                 
                                               </testcase><testcase classname="funlang.SyntaxAnalysisTests" name="parsing a non-identifier as an identifier gives an error (digit)" time="0.002">
                                                 
                                               </testcase><testcase classname="funlang.SyntaxAnalysisTests" name="parsing a non-identifier as an identifier gives an error (underscore)" time="0.002">
                                                 
                                               </testcase><testcase classname="funlang.SyntaxAnalysisTests" name="parsing a keyword as an identifier gives an error" time="0.001">
                                                 
                                               </testcase><testcase classname="funlang.SyntaxAnalysisTests" name="parsing a keyword prefix as an identifier produces the correct tree" time="0.001">
                                                 
                                               </testcase><testcase classname="funlang.SyntaxAnalysisTests" name="parsing an integer of one digit as an integer produces the correct tree" time="0.009">
                                                 
                                               </testcase><testcase classname="funlang.SyntaxAnalysisTests" name="parsing an integer as an integer produces the correct tree" time="0.002">
                                                 
                                               </testcase><testcase classname="funlang.SyntaxAnalysisTests" name="parsing a non-integer as an integer gives an error" time="0.001">
                                                 
                                               </testcase><testcase classname="funlang.SyntaxAnalysisTests" name="parsing an equal expression produces the correct tree" time="0.021">
                                                 
                                               </testcase><testcase classname="funlang.SyntaxAnalysisTests" name="parsing a less than expression produces the correct tree" time="0.009">
                                                 
                                               </testcase><testcase classname="funlang.SyntaxAnalysisTests" name="parsing an addition expression produces the correct tree" time="0.007">
                                                 
                                               </testcase><testcase classname="funlang.SyntaxAnalysisTests" name="parsing a subtraction expression produces the correct tree" time="0.019">
                                                 
                                               </testcase><testcase classname="funlang.SyntaxAnalysisTests" name="parsing a multiplication expression produces the correct tree" time="0.011">
                                                 
                                               </testcase><testcase classname="funlang.SyntaxAnalysisTests" name="parsing a division expression produces the correct tree" time="0.005">
                                                 
                                               </testcase><testcase classname="funlang.SyntaxAnalysisTests" name="parsing an integer expression produces the correct tree" time="0.005">
                                                 
                                               </testcase><testcase classname="funlang.SyntaxAnalysisTests" name="parsing a true expression produces the correct tree" time="0.003">
                                                 
                                               </testcase><testcase classname="funlang.SyntaxAnalysisTests" name="parsing a false expression produces the correct tree" time="0.001">
                                                 
                                               </testcase><testcase classname="funlang.SyntaxAnalysisTests" name="parsing an identifier expression produces the correct tree" time="0.001">
                                                 
                                               </testcase><testcase classname="funlang.SyntaxAnalysisTests" name="parsing a parenthesized expression produces the correct tree" time="0.003">
                                                 
                                               </testcase><testcase classname="funlang.SyntaxAnalysisTests" name="parsing an application expression produces the correct tree" time="0.003">
                                                 
                                               </testcase><testcase classname="funlang.SyntaxAnalysisTests" name="parsing an if expression produces the correct tree" time="0.004">
                                                 
                                               </testcase><testcase classname="funlang.SyntaxAnalysisTests" name="parsing a non-identifier as an identifier gives an error (star)" time="0.001">
                                                 
                                               </testcase><testcase classname="funlang.SyntaxAnalysisTests" name="parsing a non-identifier as an identifier gives an error (hyphen)" time="0.001">
                                                 
                                               </testcase><testcase classname="funlang.SyntaxAnalysisTests" name="parsing a non-identifier as an identifier gives an error (@)" time="0.0">
                                                 
                                               </testcase><testcase classname="funlang.SyntaxAnalysisTests" name="parsing a negative integer of one digit as an integer produces the correct tree" time="0.0">
                                                 
                                               </testcase><testcase classname="funlang.SyntaxAnalysisTests" name="parsing a float gives an error" time="0.001">
                                                 
                                               </testcase><testcase classname="funlang.SyntaxAnalysisTests" name="parsing a float to exp should give an error but it does not" time="0.001">
                                                 
                                               </testcase><testcase classname="funlang.SyntaxAnalysisTests" name="parsing a negative to exp should give an error" time="0.0">
                                                 
                                               </testcase><testcase classname="funlang.SyntaxAnalysisTests" name="parsing a non-identifier as an exp gives an error (@)" time="0.003">
                                                 
                                               </testcase><testcase classname="funlang.SyntaxAnalysisTests" name="parsing an if expression with conditional expression produces the correct tree" time="0.003">
                                                 
                                               </testcase><testcase classname="funlang.SyntaxAnalysisTests" name="parsing an if expression with integer expression produces the correct tree" time="0.006">
                                                 
                                               </testcase><testcase classname="funlang.SyntaxAnalysisTests" name="parsing an if, block and start expression produces the correct tree" time="0.038">
                                                 
                                               </testcase><testcase classname="funlang.SyntaxAnalysisTests" name="parsing an nested if, block and star expression produces the correct tree" time="0.024">
                                                 
                                               </testcase><testcase classname="funlang.SyntaxAnalysisTests" name="parsing plus expresion with cond and start expression produces the correct tree" time="0.001">
                                                 
                                               </testcase><testcase classname="funlang.SyntaxAnalysisTests" name="parsing plus expresion with cond and start expression produces the correct tree workaround" time="0.004">
                                                 
                                               </testcase><testcase classname="funlang.SyntaxAnalysisTests" name="parsing nested equal expressions gives error with workaround" time="0.001">
                                                 
                                               </testcase><testcase classname="funlang.SyntaxAnalysisTests" name="parsing nested equal expressions gives partial correct tree" time="0.004">
                                                 
                                               </testcase><testcase classname="funlang.SyntaxAnalysisTests" name="parsing nested equal, +, * expressions gives correct tree" time="0.003">
                                                 
                                               </testcase><testcase classname="funlang.SyntaxAnalysisTests" name="parsing nested plus and minus expressions produces the correct tree" time="0.006">
                                                 
                                               </testcase><testcase classname="funlang.SyntaxAnalysisTests" name="parsing nested plus, minus, start, slash expressions produces the correct tree" time="0.011">
                                                 
                                               </testcase><testcase classname="funlang.SyntaxAnalysisTests" name="parsing nested equal, less, plus, minus, start, slash expressions produces the correct tree" time="0.001">
                                                 
                                               </testcase><testcase classname="funlang.SyntaxAnalysisTests" name="parsing block expressions produces the correct tree" time="0.006">
                                                 
                                               </testcase><testcase classname="funlang.SyntaxAnalysisTests" name="parsing nested block expressions produces the correct tree" time="0.003">
                                                 
                                               </testcase><testcase classname="funlang.SyntaxAnalysisTests" name="parsing nested block expressions gives error" time="0.003">
                                                 
                                               </testcase><testcase classname="funlang.SyntaxAnalysisTests" name="parsing normal app expression with idnuse f and idnuse g expressions produce correct tree" time="0.012">
                                                 
                                               </testcase><testcase classname="funlang.SyntaxAnalysisTests" name="parsing normal app expression with idnuse f and integer 0 expressions produce correct tree" time="0.001">
                                                 
                                               </testcase><testcase classname="funlang.SyntaxAnalysisTests" name="parsing normal app expression with integer 2 and integer 0 expressions produce partial correct tree" time="0.001">
                                                 
                                               </testcase><testcase classname="funlang.SyntaxAnalysisTests" name="parsing normal app expression with integer 2 and integer 0 expressions gives error" time="0.001">
                                                 
                                               </testcase><testcase classname="funlang.SyntaxAnalysisTests" name="parsing nested app expressions produces the correct tree" time="0.002">
                                                 
                                               </testcase><testcase classname="funlang.SyntaxAnalysisTests" name="parsing nested block, app expressions produces the correct tree" time="0.008">
                                                 
                                               </testcase><testcase classname="funlang.SyntaxAnalysisTests" name="parsing a block expression with one val expression, two function definitions and one expression produces the correct tree" time="0.016">
                                                 
                                               </testcase><testcase classname="funlang.SyntaxAnalysisTests" name="parsing a block expression with one val expression, one function definition and one expression produces the correct tree" time="0.003">
                                                 
                                               </testcase><testcase classname="funlang.SyntaxAnalysisTests" name="parsing a block expression with 2 val expression, one function definition and one expression gives error" time="0.008">
                                                 
                                               </testcase><testcase classname="funlang.SyntaxAnalysisTests" name="parsing a block expression with one invalid val expression, one function definition and one expression gives error" time="0.002">
                                                 
                                               </testcase><testcase classname="funlang.SyntaxAnalysisTests" name="parsing nested tipe functions produces the correct tree" time="0.01">
                                                 
                                               </testcase><testcase classname="funlang.SyntaxAnalysisTests" name="parsing nested tipe functions with bracket produces the correct tree" time="0.004">
                                                 
                                               </testcase>
                     <system-out><![CDATA[]]></system-out>
                     <system-err><![CDATA[]]></system-err>
                   </testsuite>